[2025-06-04T14:39:09.708Z] Error: Тестовая ошибка
    at file:///C:/Users/user/Desktop/ITCH_%D0%BE%D0%B1%D1%83%D1%87%D0%B5%D0%BD%D0%B8%D0%B5/%D0%BF%D1%80%D0%BE%D0%B3%D1%80%D0%B0%D0%BC%D1%8B/%D0%BF%D1%80%D0%BE%D1%8D%D0%BA%D1%82%D1%8B/node-js/HW/hw5/src/tsk2.js:11:15
    at Layer.handleRequest (C:\Users\user\Desktop\ITCH_обучение\програмы\проэкты\node-js\HW\hw5\node_modules\router\lib\layer.js:152:17)
    at next (C:\Users\user\Desktop\ITCH_обучение\програмы\проэкты\node-js\HW\hw5\node_modules\router\lib\route.js:157:13)
    at Route.dispatch (C:\Users\user\Desktop\ITCH_обучение\програмы\проэкты\node-js\HW\hw5\node_modules\router\lib\route.js:117:3)
    at handle (C:\Users\user\Desktop\ITCH_обучение\програмы\проэкты\node-js\HW\hw5\node_modules\router\index.js:435:11)
    at Layer.handleRequest (C:\Users\user\Desktop\ITCH_обучение\програмы\проэкты\node-js\HW\hw5\node_modules\router\lib\layer.js:152:17)
    at C:\Users\user\Desktop\ITCH_обучение\програмы\проэкты\node-js\HW\hw5\node_modules\router\index.js:295:15
    at processParams (C:\Users\user\Desktop\ITCH_обучение\програмы\проэкты\node-js\HW\hw5\node_modules\router\index.js:582:12)
    at next (C:\Users\user\Desktop\ITCH_обучение\програмы\проэкты\node-js\HW\hw5\node_modules\router\index.js:291:5)
    at router.handle (C:\Users\user\Desktop\ITCH_обучение\програмы\проэкты\node-js\HW\hw5\node_modules\router\index.js:186:3)
[2025-06-04T14:41:12.658Z] Error: Тестовая ошибка
    at file:///C:/Users/user/Desktop/ITCH_%D0%BE%D0%B1%D1%83%D1%87%D0%B5%D0%BD%D0%B8%D0%B5/%D0%BF%D1%80%D0%BE%D0%B3%D1%80%D0%B0%D0%BC%D1%8B/%D0%BF%D1%80%D0%BE%D1%8D%D0%BA%D1%82%D1%8B/node-js/HW/hw5/src/tsk2.js:11:15
    at Layer.handleRequest (C:\Users\user\Desktop\ITCH_обучение\програмы\проэкты\node-js\HW\hw5\node_modules\router\lib\layer.js:152:17)
    at next (C:\Users\user\Desktop\ITCH_обучение\програмы\проэкты\node-js\HW\hw5\node_modules\router\lib\route.js:157:13)
    at Route.dispatch (C:\Users\user\Desktop\ITCH_обучение\програмы\проэкты\node-js\HW\hw5\node_modules\router\lib\route.js:117:3)
    at handle (C:\Users\user\Desktop\ITCH_обучение\програмы\проэкты\node-js\HW\hw5\node_modules\router\index.js:435:11)
    at Layer.handleRequest (C:\Users\user\Desktop\ITCH_обучение\програмы\проэкты\node-js\HW\hw5\node_modules\router\lib\layer.js:152:17)
    at C:\Users\user\Desktop\ITCH_обучение\програмы\проэкты\node-js\HW\hw5\node_modules\router\index.js:295:15
    at processParams (C:\Users\user\Desktop\ITCH_обучение\програмы\проэкты\node-js\HW\hw5\node_modules\router\index.js:582:12)
    at next (C:\Users\user\Desktop\ITCH_обучение\програмы\проэкты\node-js\HW\hw5\node_modules\router\index.js:291:5)
    at router.handle (C:\Users\user\Desktop\ITCH_обучение\програмы\проэкты\node-js\HW\hw5\node_modules\router\index.js:186:3)
